# JRE version: OpenJDK Runtime Environment (8.0_112-b06) (build 1.8.0_112-release-b06)
# Java VM: OpenJDK 64-Bit Server VM (25.112-b06 mixed mode linux-amd64 compressed oops)
Heap:
 PSYoungGen      total 419840K, used 332667K [0x00000000e0000000, 0x00000000ff980000, 0x0000000100000000)
  eden space 325120K, 100% used [0x00000000e0000000,0x00000000f3d80000,0x00000000f3d80000)
  from space 94720K, 7% used [0x00000000f9d00000,0x00000000fa45eef0,0x00000000ff980000)
  to   space 96256K, 34% used [0x00000000f3d80000,0x00000000f5e35f28,0x00000000f9b80000)
 ParOldGen       total 626688K, used 532391K [0x00000000a0000000, 0x00000000c6400000, 0x00000000e0000000)
  object space 626688K, 84% used [0x00000000a0000000,0x00000000c07e9ec0,0x00000000c6400000)
 Metaspace       used 91520K, capacity 104716K, committed 104960K, reserved 1140736K
  class space    used 11582K, capacity 13793K, committed 13824K, reserved 1048576K
GC Heap History (10 events):
Event: 12548,448 GC heap after
Heap after GC invocations=143 (full 11):
 PSYoungGen      total 414720K, used 19637K [0x00000000e0000000, 0x00000000ffb00000, 0x0000000100000000)
  eden space 317440K, 0% used [0x00000000e0000000,0x00000000e0000000,0x00000000f3600000)
  from space 97280K, 20% used [0x00000000f9c00000,0x00000000faf2d420,0x00000000ffb00000)
  to   space 100864K, 0% used [0x00000000f3600000,0x00000000f3600000,0x00000000f9880000)
 ParOldGen       total 626688K, used 531079K [0x00000000a0000000, 0x00000000c6400000, 0x00000000e0000000)
  object space 626688K, 84% used [0x00000000a0000000,0x00000000c06a1e80,0x00000000c6400000)
 Metaspace       used 89207K, capacity 99630K, committed 100352K, reserved 1136640K
  class space    used 11129K, capacity 12643K, committed 13056K, reserved 1048576K
}
Event: 12650,682 GC heap before
{Heap before GC invocations=144 (full 11):
 PSYoungGen      total 414720K, used 337077K [0x00000000e0000000, 0x00000000ffb00000, 0x0000000100000000)
  eden space 317440K, 100% used [0x00000000e0000000,0x00000000f3600000,0x00000000f3600000)
  from space 97280K, 20% used [0x00000000f9c00000,0x00000000faf2d420,0x00000000ffb00000)
  to   space 100864K, 0% used [0x00000000f3600000,0x00000000f3600000,0x00000000f9880000)
 ParOldGen       total 626688K, used 531079K [0x00000000a0000000, 0x00000000c6400000, 0x00000000e0000000)
  object space 626688K, 84% used [0x00000000a0000000,0x00000000c06a1e80,0x00000000c6400000)
 Metaspace       used 89299K, capacity 99840K, committed 100608K, reserved 1136640K
  class space    used 11147K, capacity 12664K, committed 13056K, reserved 1048576K
Event: 12650,720 GC heap after
Heap after GC invocations=144 (full 11):
 PSYoungGen      total 418304K, used 6811K [0x00000000e0000000, 0x0000000100000000, 0x0000000100000000)
  eden space 317440K, 0% used [0x00000000e0000000,0x00000000e0000000,0x00000000f3600000)
  from space 100864K, 6% used [0x00000000f3600000,0x00000000f3ca6d68,0x00000000f9880000)
  to   space 101376K, 0% used [0x00000000f9d00000,0x00000000f9d00000,0x0000000100000000)
 ParOldGen       total 626688K, used 531383K [0x00000000a0000000, 0x00000000c6400000, 0x00000000e0000000)
  object space 626688K, 84% used [0x00000000a0000000,0x00000000c06ede90,0x00000000c6400000)
 Metaspace       used 89299K, capacity 99840K, committed 100608K, reserved 1136640K
  class space    used 11147K, capacity 12664K, committed 13056K, reserved 1048576K
}
Event: 13399,606 GC heap before
{Heap before GC invocations=145 (full 11):
 PSYoungGen      total 418304K, used 324251K [0x00000000e0000000, 0x0000000100000000, 0x0000000100000000)
  eden space 317440K, 100% used [0x00000000e0000000,0x00000000f3600000,0x00000000f3600000)
  from space 100864K, 6% used [0x00000000f3600000,0x00000000f3ca6d68,0x00000000f9880000)
  to   space 101376K, 0% used [0x00000000f9d00000,0x00000000f9d00000,0x0000000100000000)
 ParOldGen       total 626688K, used 531383K [0x00000000a0000000, 0x00000000c6400000, 0x00000000e0000000)
  object space 626688K, 84% used [0x00000000a0000000,0x00000000c06ede90,0x00000000c6400000)
 Metaspace       used 89554K, capacity 100354K, committed 100864K, reserved 1136640K
  class space    used 11195K, capacity 12784K, committed 13056K, reserved 1048576K
Event: 13399,620 GC heap after
Heap after GC invocations=145 (full 11):
 PSYoungGen      total 421888K, used 6638K [0x00000000e0000000, 0x00000000ffe80000, 0x0000000100000000)
  eden space 322048K, 0% used [0x00000000e0000000,0x00000000e0000000,0x00000000f3a80000)
  from space 99840K, 6% used [0x00000000f9d00000,0x00000000fa37bb00,0x00000000ffe80000)
  to   space 100352K, 0% used [0x00000000f3a80000,0x00000000f3a80000,0x00000000f9c80000)
 ParOldGen       total 626688K, used 531919K [0x00000000a0000000, 0x00000000c6400000, 0x00000000e0000000)
  object space 626688K, 84% used [0x00000000a0000000,0x00000000c0773eb0,0x00000000c6400000)
 Metaspace       used 89554K, capacity 100354K, committed 100864K, reserved 1136640K
  class space    used 11195K, capacity 12784K, committed 13056K, reserved 1048576K
}
Event: 13671,560 GC heap before
{Heap before GC invocations=146 (full 11):
 PSYoungGen      total 421888K, used 328686K [0x00000000e0000000, 0x00000000ffe80000, 0x0000000100000000)
  eden space 322048K, 100% used [0x00000000e0000000,0x00000000f3a80000,0x00000000f3a80000)
  from space 99840K, 6% used [0x00000000f9d00000,0x00000000fa37bb00,0x00000000ffe80000)
  to   space 100352K, 0% used [0x00000000f3a80000,0x00000000f3a80000,0x00000000f9c80000)
 ParOldGen       total 626688K, used 531919K [0x00000000a0000000, 0x00000000c6400000, 0x00000000e0000000)
  object space 626688K, 84% used [0x00000000a0000000,0x00000000c0773eb0,0x00000000c6400000)
 Metaspace       used 90289K, capacity 101906K, committed 102016K, reserved 1138688K
  class space    used 11333K, capacity 13124K, committed 13184K, reserved 1048576K
Event: 13671,597 GC heap after
Heap after GC invocations=146 (full 11):
 PSYoungGen      total 422400K, used 6000K [0x00000000e0000000, 0x00000000ffd80000, 0x0000000100000000)
  eden space 322048K, 0% used [0x00000000e0000000,0x00000000e0000000,0x00000000f3a80000)
  from space 100352K, 5% used [0x00000000f3a80000,0x00000000f405c100,0x00000000f9c80000)
  to   space 98816K, 0% used [0x00000000f9d00000,0x00000000f9d00000,0x00000000ffd80000)
 ParOldGen       total 626688K, used 532079K [0x00000000a0000000, 0x00000000c6400000, 0x00000000e0000000)
  object space 626688K, 84% used [0x00000000a0000000,0x00000000c079beb0,0x00000000c6400000)
 Metaspace       used 90289K, capacity 101906K, committed 102016K, reserved 1138688K
  class space    used 11333K, capacity 13124K, committed 13184K, reserved 1048576K
}
Event: 13725,489 GC heap before
{Heap before GC invocations=147 (full 11):
 PSYoungGen      total 422400K, used 328048K [0x00000000e0000000, 0x00000000ffd80000, 0x0000000100000000)
  eden space 322048K, 100% used [0x00000000e0000000,0x00000000f3a80000,0x00000000f3a80000)
  from space 100352K, 5% used [0x00000000f3a80000,0x00000000f405c100,0x00000000f9c80000)
  to   space 98816K, 0% used [0x00000000f9d00000,0x00000000f9d00000,0x00000000ffd80000)
 ParOldGen       total 626688K, used 532079K [0x00000000a0000000, 0x00000000c6400000, 0x00000000e0000000)
  object space 626688K, 84% used [0x00000000a0000000,0x00000000c079beb0,0x00000000c6400000)
 Metaspace       used 91073K, capacity 103726K, committed 103936K, reserved 1140736K
  class space    used 11487K, capacity 13528K, committed 13568K, reserved 1048576K
Event: 13725,503 GC heap after
Heap after GC invocations=147 (full 11):
 PSYoungGen      total 419840K, used 7547K [0x00000000e0000000, 0x00000000ff980000, 0x0000000100000000)
  eden space 325120K, 0% used [0x00000000e0000000,0x00000000e0000000,0x00000000f3d80000)
  from space 94720K, 7% used [0x00000000f9d00000,0x00000000fa45eef0,0x00000000ff980000)
  to   space 96256K, 0% used [0x00000000f3d80000,0x00000000f3d80000,0x00000000f9b80000)
 ParOldGen       total 626688K, used 532383K [0x00000000a0000000, 0x00000000c6400000, 0x00000000e0000000)
  object space 626688K, 84% used [0x00000000a0000000,0x00000000c07e7ec0,0x00000000c6400000)
 Metaspace       used 91073K, capacity 103726K, committed 103936K, reserved 1140736K
  class space    used 11487K, capacity 13528K, committed 13568K, reserved 1048576K
}
Event: 14122,944 GC heap before
{Heap before GC invocations=148 (full 11):
 PSYoungGen      total 419840K, used 332667K [0x00000000e0000000, 0x00000000ff980000, 0x0000000100000000)
  eden space 325120K, 100% used [0x00000000e0000000,0x00000000f3d80000,0x00000000f3d80000)
  from space 94720K, 7% used [0x00000000f9d00000,0x00000000fa45eef0,0x00000000ff980000)
  to   space 96256K, 0% used [0x00000000f3d80000,0x00000000f3d80000,0x00000000f9b80000)
 ParOldGen       total 626688K, used 532383K [0x00000000a0000000, 0x00000000c6400000, 0x00000000e0000000)
  object space 626688K, 84% used [0x00000000a0000000,0x00000000c07e7ec0,0x00000000c6400000)
 Metaspace       used 91520K, capacity 104716K, committed 104960K, reserved 1140736K
  class space    used 11582K, capacity 13793K, committed 13824K, reserved 1048576K

